d:\msdev\2016\visual studio 2015\projects\example1\release_vs2005\example1.pch
d:\msdev\2016\visual studio 2015\projects\example1\release_vs2005\vc140.pdb
d:\msdev\2016\visual studio 2015\projects\example1\release_vs2005\stdafx.obj
d:\msdev\2016\visual studio 2015\projects\example1\release_vs2005\processimagememory.obj
d:\msdev\2016\visual studio 2015\projects\example1\release_vs2005\objecterror.obj
d:\msdev\2016\visual studio 2015\projects\example1\release_vs2005\logger.obj
d:\msdev\2016\visual studio 2015\projects\example1\release_vs2005\example1.obj
d:\msdev\2016\visual studio 2015\projects\example1\release_vs2005\cs.obj
d:\msdev\2016\visual studio 2015\projects\example1\release_vs2005\comvariantex.obj
d:\msdev\2016\visual studio 2015\projects\example1\release_vs2005\childstdoutreader.obj
d:\msdev\2016\visual studio 2015\projects\example1\release_vs2005\example1.lib
d:\msdev\2016\visual studio 2015\projects\example1\release_vs2005\example1.exp
d:\msdev\2016\visual studio 2015\projects\example1\release_vs2005\example1.dll
d:\msdev\2016\visual studio 2015\projects\example1\release_vs2005\example1.pdb
d:\msdev\2016\visual studio 2015\projects\example1\release_vs2005\example1.res
d:\msdev\2016\visual studio 2015\projects\example1\release_vs2005\example1.tlog\cl.command.1.tlog
d:\msdev\2016\visual studio 2015\projects\example1\release_vs2005\example1.tlog\cl.read.1.tlog
d:\msdev\2016\visual studio 2015\projects\example1\release_vs2005\example1.tlog\cl.write.1.tlog
d:\msdev\2016\visual studio 2015\projects\example1\release_vs2005\example1.tlog\example1.write.1u.tlog
d:\msdev\2016\visual studio 2015\projects\example1\release_vs2005\example1.tlog\link.command.1.tlog
d:\msdev\2016\visual studio 2015\projects\example1\release_vs2005\example1.tlog\link.read.1.tlog
d:\msdev\2016\visual studio 2015\projects\example1\release_vs2005\example1.tlog\link.write.1.tlog
d:\msdev\2016\visual studio 2015\projects\example1\release_vs2005\example1.tlog\rc.command.1.tlog
d:\msdev\2016\visual studio 2015\projects\example1\release_vs2005\example1.tlog\rc.read.1.tlog
d:\msdev\2016\visual studio 2015\projects\example1\release_vs2005\example1.tlog\rc.write.1.tlog
